Log file created on Tue Feb 11 20:23:20 MST 2020
IMPORTANT:
Because updating this file after every log message would kill
performance, it will be *incomplete* unless you invoke the
Utilities->Troubleshooting->Update Activity Log on Disk command!
8:23:17 PM [main] [message] Log: When reporting bugs, please include the following information:
8:23:17 PM [main] [message] Log: java.version=1.8.0_144
8:23:17 PM [main] [message] Log: java.vm.version=25.144-b01
8:23:17 PM [main] [message] Log: java.vm.name=Java HotSpot(TM) 64-Bit Server VM
8:23:17 PM [main] [message] Log: java.runtime.version=1.8.0_144-b01
8:23:17 PM [main] [message] Log: java.runtime.name=Java(TM) SE Runtime Environment
8:23:17 PM [main] [message] Log: java.vendor=Oracle Corporation
8:23:17 PM [main] [message] Log: java.compiler=null
8:23:17 PM [main] [message] Log: os.name=Mac OS X
8:23:17 PM [main] [message] Log: os.version=10.14.6
8:23:17 PM [main] [message] Log: os.arch=x86_64
8:23:17 PM [main] [message] Log: user.home=/Users/brandonburr
8:23:17 PM [main] [message] Log: java.home=/Library/Java/JavaVirtualMachines/jdk1.8.0_144.jdk/Contents/Home/jre
8:23:17 PM [main] [message] Log: java.class.path=/Users/brandonburr/Desktop/jEdit/build/jedit.jar
8:23:17 PM [main] [message] jEdit: starting with command line arguments: -settings=/Users/brandonburr/Desktop/jEdit/build/settings
8:23:17 PM [main] [debug] jEdit: before splash screen activation:196 ms
8:23:20 PM [main] [debug] jEdit: after splash screen activation:3214 ms
8:23:20 PM [main] [debug] MiscUtilities: Saving backup of file "/Users/brandonburr/Desktop/jEdit/build/settings/activity.log" to "/Users/brandonburr/Desktop/jEdit/build/settings/settings-backup/activity.log~1~"
8:23:20 PM [main] [notice] jEdit: jEdit version 5.5.0
8:23:20 PM [main] [message] jEdit: Settings directory is /Users/brandonburr/Desktop/jEdit/build/settings
8:23:20 PM [main] [message] jEdit: jEdit home directory is /Users/brandonburr/Desktop/jEdit/build
8:23:20 PM [main] [debug] SplashScreen: init:36/2587ms
8:23:20 PM [main] [debug] SplashScreen: init system properties:23/2610ms
8:23:20 PM [main] [message] BeanShell: Beanshell Init
8:23:20 PM [main] [debug] SplashScreen: init beanshell:58/2668ms
8:23:20 PM [main] [debug] SplashScreen: loading site properties:3/2671ms
8:23:20 PM [main] [debug] SplashScreen: loading user properties:5/2676ms
8:23:20 PM [main] [debug] GUIUtilities: Icon theme set to: tango
8:23:20 PM [main] [debug] GUIUtilities: Loading icon theme from: jeditresource:/org/gjt/sp/jedit/icons/themes/tango/
8:23:20 PM [main] [debug] SplashScreen: init GUI:7/2683ms
8:23:20 PM [main] [debug] EditServer: jEdit server started on port 63518
8:23:20 PM [main] [debug] EditServer: Authorization key is 307592441
8:23:20 PM [main] [debug] SplashScreen: init server:53/2736ms
8:23:20 PM [main] [debug] jEdit: initPLAF non-edt old=com.apple.laf.AquaLookAndFeel requested=null new=com.apple.laf.AquaLookAndFeel
8:23:20 PM [main] [debug] SplashScreen: init look and feel:7/2743ms
8:23:20 PM [main] [debug] SplashScreen: init VFS Manager:1/2744ms
8:23:20 PM [main] [debug] ActionSet: Loading actions from jar:file:/Users/brandonburr/Desktop/jEdit/build/jedit.jar!/org/gjt/sp/jedit/actions.xml
8:23:20 PM [main] [debug] DockableWindowManager: Loading dockables from jar:file:/Users/brandonburr/Desktop/jEdit/build/jedit.jar!/org/gjt/sp/jedit/dockables.xml
8:23:20 PM [main] [debug] SplashScreen: init resources:108/2852ms
8:23:20 PM [AWT-EventQueue-0] [debug] EditBus: SearchSettingsChanged[source=null]
8:23:20 PM [main] [debug] SplashScreen: Migrate keymaps:43/2895ms
8:23:20 PM [main] [notice] jEdit: Loading plugins from /Users/brandonburr/Desktop/jEdit/build/jars
8:23:20 PM [AWT-EventQueue-0] [debug] EditBus: PluginUpdate[what=LOADED,exit=false,version=1.3,source=/Users/brandonburr/Desktop/jEdit/build/jars/MacOSX.jar,class=macosx.MacOSXPlugin]
8:23:20 PM [AWT-EventQueue-0] [debug] EditBus: PluginUpdate[what=LOADED,exit=false,version=5.0,source=/Users/brandonburr/Desktop/jEdit/build/jars/QuickNotepad.jar,class=QuickNotepadPlugin]
8:23:20 PM [main] [notice] jEdit: Loading plugins from /Users/brandonburr/Desktop/jEdit/build/settings/jars
8:23:20 PM [main] [debug] SplashScreen: init plugins:41/2936ms
8:23:20 PM [main] [message] HistoryModel: Loading history
8:23:20 PM [main] [debug] SplashScreen: init history model:5/2941ms
8:23:20 PM [main] [message] BufferHistory: Loading /Users/brandonburr/Desktop/jEdit/build/settings/recent.xml
8:23:20 PM [main] [debug] SplashScreen: init buffer history:8/2949ms
8:23:20 PM [main] [message] KillRing: Loading /Users/brandonburr/Desktop/jEdit/build/settings/killring.xml
8:23:20 PM [main] [debug] SplashScreen: init killring:18/2967ms
8:23:20 PM [main] [debug] jEdit: initPLAF non-edt old=com.apple.laf.AquaLookAndFeel requested=null new=com.apple.laf.AquaLookAndFeel
8:23:20 PM [main] [debug] jEdit: SOCKS proxy disabled
8:23:20 PM [main] [debug] jEdit: HTTP proxy disabled
8:23:20 PM [AWT-EventQueue-0] [debug] EditBus: PropertiesChanged[source=null]
8:23:20 PM [main] [debug] SplashScreen: init various properties:87/3054ms
8:23:20 PM [main] [message] jEdit: Loading mode catalog file /Users/brandonburr/Desktop/jEdit/build/modes/catalog
8:23:20 PM [main] [message] jEdit: Loading mode catalog file /Users/brandonburr/Desktop/jEdit/build/settings/modes/catalog
8:23:20 PM [main] [debug] SplashScreen: init modes:72/3126ms
8:23:20 PM [main] [debug] PluginJAR: Activating macosx.MacOSXPlugin because of startup
8:23:20 PM [main] [debug] PluginJAR: Opening /Users/brandonburr/Desktop/jEdit/build/jars/MacOSX.jar
8:23:20 PM [AWT-EventQueue-0] [debug] EditBus: PluginUpdate[what=ACTIVATED,exit=false,version=1.3,source=/Users/brandonburr/Desktop/jEdit/build/jars/MacOSX.jar,class=macosx.MacOSXPlugin]
8:23:20 PM [main] [debug] SplashScreen: activate plugins:25/3151ms
8:23:20 PM [main] [debug] Macros: Registered beanshell macro handler
8:23:20 PM [AWT-EventQueue-0] [debug] EditBus: DynamicMenuChanged[menu=macros,source=null]
8:23:20 PM [main] [debug] SplashScreen: init macros:23/3174ms
8:23:20 PM [main] [message] BeanShell: Running script /Users/brandonburr/Desktop/jEdit/build/startup/startup.bsh
8:23:20 PM [main] [notice] jEdit$5: Loading edit mode /Users/brandonburr/Desktop/jEdit/build/modes/text.xml
8:23:20 PM [main] [debug] String: BeanShell interpreter version 2.0b4-jedit
8:23:21 PM [main] [debug] SplashScreen: run startup scripts:167/3341ms
8:23:21 PM [main] [debug] SplashScreen: run startup scripts:4/3345ms
8:23:21 PM [main] [debug] SplashScreen: run startup scripts:5/3346ms
8:23:21 PM [main] [debug] jEdit: main done:4033 ms
8:23:21 PM [AWT-EventQueue-0] [message] PerspectiveManager: Loading /Users/brandonburr/Desktop/jEdit/build/settings/perspective.xml
8:23:21 PM [AWT-EventQueue-0] [debug] EditBus: BufferUpdate[what=PROPERTIES_CHANGED,view=null,source=Untitled-1 (~/Desktop/jEdit/)]
8:23:21 PM [AWT-EventQueue-0] [debug] EditBus: BufferUpdate[what=CREATED,view=null,source=Untitled-1 (~/Desktop/jEdit/)]
8:23:21 PM [AWT-EventQueue-0] [debug] EditBus: BufferUpdate[what=LOAD_STARTED,view=null,source=Untitled-1 (~/Desktop/jEdit/)]
8:23:21 PM [AWT-EventQueue-0] [debug] EditBus: BufferUpdate[what=LOADED,view=null,source=Untitled-1 (~/Desktop/jEdit/)]
8:23:21 PM [AWT-EventQueue-0] [debug] BufferSet: 1744388822: addBufferSetListener org.gjt.sp.jedit.EditPane[inactive]
8:23:21 PM [AWT-EventQueue-0] [debug] EditBus: BufferChanging[what=BUFFER_CHANGING,source=org.gjt.sp.jedit.EditPane[inactive]]
8:23:21 PM [AWT-EventQueue-0] [debug] BufferSet: 1744388822 addBufferAt(Untitled-1 (~/Desktop/jEdit/),-1)
8:23:21 PM [AWT-EventQueue-0] [debug] BufferSet: 1744388822: Buffer added Untitled-1 (~/Desktop/jEdit/) at 0
8:23:21 PM [AWT-EventQueue-0] [debug] EditBus: EditPaneUpdate[what=CREATED,source=org.gjt.sp.jedit.EditPane[inactive]]
8:23:21 PM [AWT-EventQueue-0] [debug] BufferSet: 1744388822 addBufferAt(Untitled-1 (~/Desktop/jEdit/),0)
8:23:21 PM [AWT-EventQueue-0] [debug] BufferSet: 1744388822 addBufferAt(Untitled-1 (~/Desktop/jEdit/),1)
8:23:21 PM [AWT-EventQueue-0] [debug] EditBus: ViewUpdate[what=CREATED,source=org.gjt.sp.jedit.View[active]]
8:23:21 PM [AWT-EventQueue-0] [debug] EditBus: EditorStarted[source=null]
8:23:22 PM [AWT-EventQueue-0] [message] jEdit: Startup complete: 4996 ms
8:23:22 PM [AWT-EventQueue-0] [debug] EditBus: ViewUpdate[what=VIEW_ACTIVATED,source=org.gjt.sp.jedit.View[active]]
8:23:22 PM [AWT-EventQueue-0] [debug] JEditTextArea: InputMethodSupport is activated
8:23:23 PM [AWT-EventQueue-0] [debug] EditBus: ViewUpdate[what=VIEW_ACTIVATED,source=org.gjt.sp.jedit.View[active]]
8:23:23 PM [AWT-EventQueue-0] [debug] jEdit: checkBufferStatus for all buffers
8:23:50 PM [AWT-EventQueue-0] [debug] MiscUtilities: Saving backup of file "/Users/brandonburr/Desktop/jEdit/build/settings/perspective.xml" to "/Users/brandonburr/Desktop/jEdit/build/settings/settings-backup/perspective.xml~1~"
